d:\learning record\学术报告\gh0st\myremote\release\vc142.pdb
d:\learning record\学术报告\gh0st\myremote\release\truecolortoolbar.obj
d:\learning record\学术报告\gh0st\myremote\release\seu_qqwry.obj
d:\learning record\学术报告\gh0st\myremote\release\myremotedlg.obj
d:\learning record\学术报告\gh0st\myremote\release\myremote.obj
d:\learning record\学术报告\gh0st\myremote\release\inputdlg.obj
d:\learning record\学术报告\gh0st\myremote\release\inifile.obj
d:\learning record\学术报告\gh0st\myremote\release\iocpserver.obj
d:\learning record\学术报告\gh0st\myremote\release\cpuusage.obj
d:\learning record\学术报告\gh0st\myremote\release\buffer.obj
d:\learning record\学术报告\gh0st\myremote\release\filetransfermodedlg.obj
d:\learning record\学术报告\gh0st\myremote\release\cwindowsdlg.obj
d:\learning record\学术报告\gh0st\myremote\release\cshelldlg.obj
d:\learning record\学术报告\gh0st\myremote\release\csettingdlg.obj
d:\learning record\学术报告\gh0st\myremote\release\cscreenspydlg.obj
d:\learning record\学术报告\gh0st\myremote\release\cprocessdlg.obj
d:\learning record\学术报告\gh0st\myremote\release\cfilemanagerdlg.obj
d:\learning record\学术报告\gh0st\myremote\release\ccreatserverdlg.obj
d:\learning record\学术报告\gh0st\myremote\release\caudiodlg.obj
d:\learning record\学术报告\gh0st\myremote\release\audio.obj
d:\learning record\学术报告\gh0st\myremote\release\myremote.pch
d:\learning record\学术报告\gh0st\myremote\release\pch.obj
d:\learning record\学术报告\gh0st\myremote\release\cserverdlg.obj
d:\learning record\学术报告\gh0st\bin\myremote.exe
d:\learning record\学术报告\gh0st\bin\myremote.pdb
d:\learning record\学术报告\gh0st\bin\myremote.ipdb
d:\learning record\学术报告\gh0st\bin\myremote.iobj
d:\learning record\学术报告\gh0st\myremote\release\myremote.res
d:\learning record\学术报告\gh0st\myremote\..\bin\myremote.exe
d:\learning record\学术报告\gh0st\myremote\release\myremote.tlog\cl.command.1.tlog
d:\learning record\学术报告\gh0st\myremote\release\myremote.tlog\cl.read.1.tlog
d:\learning record\学术报告\gh0st\myremote\release\myremote.tlog\cl.write.1.tlog
d:\learning record\学术报告\gh0st\myremote\release\myremote.tlog\link.command.1.tlog
d:\learning record\学术报告\gh0st\myremote\release\myremote.tlog\link.read.1.tlog
d:\learning record\学术报告\gh0st\myremote\release\myremote.tlog\link.write.1.tlog
d:\learning record\学术报告\gh0st\myremote\release\myremote.tlog\myremote.write.1u.tlog
d:\learning record\学术报告\gh0st\myremote\release\myremote.tlog\rc.command.1.tlog
d:\learning record\学术报告\gh0st\myremote\release\myremote.tlog\rc.read.1.tlog
d:\learning record\学术报告\gh0st\myremote\release\myremote.tlog\rc.write.1.tlog
