d:\learning record\学术报告\gh0st\mymaindll\maindll\debug\vc142.pdb
d:\learning record\学术报告\gh0st\mymaindll\maindll\debug\vc142.idb
d:\learning record\学术报告\gh0st\mymaindll\maindll\debug\strcry.obj
d:\learning record\学术报告\gh0st\mymaindll\maindll\debug\dllmain.obj
d:\learning record\学术报告\gh0st\mymaindll\maindll\debug\videomanager.obj
d:\learning record\学术报告\gh0st\mymaindll\maindll\debug\until.obj
d:\learning record\学术报告\gh0st\mymaindll\maindll\debug\shellmanager.obj
d:\learning record\学术报告\gh0st\mymaindll\maindll\debug\keyboardmanager.obj
d:\learning record\学术报告\gh0st\mymaindll\maindll\debug\clientsocket.obj
d:\learning record\学术报告\gh0st\mymaindll\maindll\debug\screenspy.obj
d:\learning record\学术报告\gh0st\mymaindll\maindll\debug\screenmanager.obj
d:\learning record\学术报告\gh0st\mymaindll\maindll\debug\manager.obj
d:\learning record\学术报告\gh0st\mymaindll\maindll\debug\maindll.pch
d:\learning record\学术报告\gh0st\mymaindll\maindll\debug\pch.obj
d:\learning record\学术报告\gh0st\mymaindll\maindll\debug\videocap.obj
d:\learning record\学术报告\gh0st\mymaindll\maindll\debug\regeditex.obj
d:\learning record\学术报告\gh0st\mymaindll\maindll\debug\install.obj
d:\learning record\学术报告\gh0st\mymaindll\maindll\debug\filemanager.obj
d:\learning record\学术报告\gh0st\mymaindll\maindll\debug\dialupass.obj
d:\learning record\学术报告\gh0st\mymaindll\maindll\debug\buffer.obj
d:\learning record\学术报告\gh0st\mymaindll\maindll\debug\audiomanager.obj
d:\learning record\学术报告\gh0st\mymaindll\maindll\debug\systemmanager.obj
d:\learning record\学术报告\gh0st\mymaindll\maindll\debug\servermanager.obj
d:\learning record\学术报告\gh0st\mymaindll\maindll\debug\regmanager.obj
d:\learning record\学术报告\gh0st\mymaindll\maindll\debug\regeditopt.obj
d:\learning record\学术报告\gh0st\mymaindll\maindll\debug\kernelmanager.obj
d:\learning record\学术报告\gh0st\mymaindll\maindll\debug\audio.obj
d:\learning record\学术报告\gh0st\bin\server\maindll.ilk
d:\learning record\学术报告\gh0st\bin\server\maindll.dll
d:\learning record\学术报告\gh0st\bin\server\maindll.pdb
d:\learning record\学术报告\gh0st\mymaindll\maindll\debug\maindll.tlog\cl.command.1.tlog
d:\learning record\学术报告\gh0st\mymaindll\maindll\debug\maindll.tlog\cl.read.1.tlog
d:\learning record\学术报告\gh0st\mymaindll\maindll\debug\maindll.tlog\cl.write.1.tlog
d:\learning record\学术报告\gh0st\mymaindll\maindll\debug\maindll.tlog\link.command.1.tlog
d:\learning record\学术报告\gh0st\mymaindll\maindll\debug\maindll.tlog\link.read.1.tlog
d:\learning record\学术报告\gh0st\mymaindll\maindll\debug\maindll.tlog\link.write.1.tlog
