d:\learning record\学术报告\gh0st\myremote\debug\myremote.pch
d:\learning record\学术报告\gh0st\myremote\debug\vc142.pdb
d:\learning record\学术报告\gh0st\myremote\debug\vc142.idb
d:\learning record\学术报告\gh0st\myremote\debug\pch.obj
d:\learning record\学术报告\gh0st\myremote\debug\truecolortoolbar.obj
d:\learning record\学术报告\gh0st\myremote\debug\myremotedlg.obj
d:\learning record\学术报告\gh0st\myremote\debug\myremote.obj
d:\learning record\学术报告\gh0st\myremote\debug\clistctrlex.obj
d:\learning record\学术报告\gh0st\myremote\debug\myremote.exe
d:\learning record\学术报告\gh0st\myremote\debug\myremote.ilk
d:\learning record\学术报告\gh0st\myremote\debug\myremote.pdb
d:\learning record\学术报告\gh0st\myremote\debug\myremote.res
d:\learning record\学术报告\gh0st\myremote\debug\myremote.tlog\cl.command.1.tlog
d:\learning record\学术报告\gh0st\myremote\debug\myremote.tlog\cl.read.1.tlog
d:\learning record\学术报告\gh0st\myremote\debug\myremote.tlog\cl.write.1.tlog
d:\learning record\学术报告\gh0st\myremote\debug\myremote.tlog\link.command.1.tlog
d:\learning record\学术报告\gh0st\myremote\debug\myremote.tlog\link.read.1.tlog
d:\learning record\学术报告\gh0st\myremote\debug\myremote.tlog\link.write.1.tlog
d:\learning record\学术报告\gh0st\myremote\debug\myremote.tlog\rc.command.1.tlog
d:\learning record\学术报告\gh0st\myremote\debug\myremote.tlog\rc.read.1.tlog
d:\learning record\学术报告\gh0st\myremote\debug\myremote.tlog\rc.write.1.tlog
