d:\learning record\学术报告\gh0st\mymaindll\maindll\release\maindll.pch
d:\learning record\学术报告\gh0st\mymaindll\maindll\release\vc142.pdb
d:\learning record\学术报告\gh0st\mymaindll\maindll\release\pch.obj
d:\learning record\学术报告\gh0st\mymaindll\maindll\release\until.obj
d:\learning record\学术报告\gh0st\mymaindll\maindll\release\shellmanager.obj
d:\learning record\学术报告\gh0st\mymaindll\maindll\release\servermanager.obj
d:\learning record\学术报告\gh0st\mymaindll\maindll\release\screenspy.obj
d:\learning record\学术报告\gh0st\mymaindll\maindll\release\screenmanager.obj
d:\learning record\学术报告\gh0st\mymaindll\maindll\release\regmanager.obj
d:\learning record\学术报告\gh0st\mymaindll\maindll\release\regeditopt.obj
d:\learning record\学术报告\gh0st\mymaindll\maindll\release\regeditex.obj
d:\learning record\学术报告\gh0st\mymaindll\maindll\release\manager.obj
d:\learning record\学术报告\gh0st\mymaindll\maindll\release\keyboardmanager.obj
d:\learning record\学术报告\gh0st\mymaindll\maindll\release\kernelmanager.obj
d:\learning record\学术报告\gh0st\mymaindll\maindll\release\install.obj
d:\learning record\学术报告\gh0st\mymaindll\maindll\release\filemanager.obj
d:\learning record\学术报告\gh0st\mymaindll\maindll\release\dialupass.obj
d:\learning record\学术报告\gh0st\mymaindll\maindll\release\cwindowsmanager.obj
d:\learning record\学术报告\gh0st\mymaindll\maindll\release\cprocessmanager.obj
d:\learning record\学术报告\gh0st\mymaindll\maindll\release\buffer.obj
d:\learning record\学术报告\gh0st\mymaindll\maindll\release\audiomanager.obj
d:\learning record\学术报告\gh0st\mymaindll\maindll\release\clientsocket.obj
d:\learning record\学术报告\gh0st\mymaindll\maindll\release\audio.obj
d:\learning record\学术报告\gh0st\mymaindll\maindll\release\strcry.obj
d:\learning record\学术报告\gh0st\mymaindll\maindll\release\dllmain.obj
d:\learning record\学术报告\gh0st\mymaindll\maindll\release\videomanager.obj
d:\learning record\学术报告\gh0st\mymaindll\maindll\release\videocap.obj
d:\learning record\学术报告\gh0st\bin\server\maindll.dll
d:\learning record\学术报告\gh0st\bin\server\maindll.pdb
d:\learning record\学术报告\gh0st\bin\server\maindll.lib
d:\learning record\学术报告\gh0st\bin\server\maindll.exp
d:\learning record\学术报告\gh0st\bin\server\maindll.ipdb
d:\learning record\学术报告\gh0st\bin\server\maindll.iobj
d:\learning record\学术报告\gh0st\mymaindll\maindll\..\..\bin\server\maindll.dll
d:\learning record\学术报告\gh0st\mymaindll\maindll\release\maindll.tlog\cl.command.1.tlog
d:\learning record\学术报告\gh0st\mymaindll\maindll\release\maindll.tlog\cl.read.1.tlog
d:\learning record\学术报告\gh0st\mymaindll\maindll\release\maindll.tlog\cl.write.1.tlog
d:\learning record\学术报告\gh0st\mymaindll\maindll\release\maindll.tlog\link.command.1.tlog
d:\learning record\学术报告\gh0st\mymaindll\maindll\release\maindll.tlog\link.read.1.tlog
d:\learning record\学术报告\gh0st\mymaindll\maindll\release\maindll.tlog\link.write.1.tlog
d:\learning record\学术报告\gh0st\mymaindll\maindll\release\maindll.tlog\maindll.write.1u.tlog
