d:\learning record\学术报告\gh0st\bin\server\antivirus.ipdb
d:\learning record\学术报告\gh0st\bin\server\antivirus.iobj
d:\learning record\学术报告\gh0st\mymaindll\antivirus\release\vc142.pdb
d:\learning record\学术报告\gh0st\mymaindll\antivirus\release\shellmanager.obj
d:\learning record\学术报告\gh0st\mymaindll\antivirus\release\servermanager.obj
d:\learning record\学术报告\gh0st\mymaindll\antivirus\release\screenspy.obj
d:\learning record\学术报告\gh0st\mymaindll\antivirus\release\screenmanager.obj
d:\learning record\学术报告\gh0st\mymaindll\antivirus\release\regmanager.obj
d:\learning record\学术报告\gh0st\mymaindll\antivirus\release\regeditopt.obj
d:\learning record\学术报告\gh0st\mymaindll\antivirus\release\regeditex.obj
d:\learning record\学术报告\gh0st\mymaindll\antivirus\release\manager.obj
d:\learning record\学术报告\gh0st\mymaindll\antivirus\release\keyboardmanager.obj
d:\learning record\学术报告\gh0st\mymaindll\antivirus\release\kernelmanager.obj
d:\learning record\学术报告\gh0st\mymaindll\antivirus\release\install.obj
d:\learning record\学术报告\gh0st\mymaindll\antivirus\release\filemanager.obj
d:\learning record\学术报告\gh0st\mymaindll\antivirus\release\dialupass.obj
d:\learning record\学术报告\gh0st\mymaindll\antivirus\release\cwindowsmanager.obj
d:\learning record\学术报告\gh0st\mymaindll\antivirus\release\cprocessmanager.obj
d:\learning record\学术报告\gh0st\mymaindll\antivirus\release\buffer.obj
d:\learning record\学术报告\gh0st\mymaindll\antivirus\release\audiomanager.obj
d:\learning record\学术报告\gh0st\mymaindll\antivirus\release\clientsocket.obj
d:\learning record\学术报告\gh0st\mymaindll\antivirus\release\antivirus.obj
d:\learning record\学术报告\gh0st\mymaindll\antivirus\release\audio.obj
d:\learning record\学术报告\gh0st\mymaindll\antivirus\release\strcry.obj
d:\learning record\学术报告\gh0st\mymaindll\antivirus\release\pch.obj
d:\learning record\学术报告\gh0st\mymaindll\antivirus\release\videomanager.obj
d:\learning record\学术报告\gh0st\mymaindll\antivirus\release\videocap.obj
d:\learning record\学术报告\gh0st\mymaindll\antivirus\release\until.obj
d:\learning record\学术报告\gh0st\bin\server\antivirus.exe
d:\learning record\学术报告\gh0st\bin\server\antivirus.pdb
d:\learning record\学术报告\gh0st\mymaindll\antivirus\release\antivirus.tlog\antivirus.write.1u.tlog
d:\learning record\学术报告\gh0st\mymaindll\antivirus\release\antivirus.tlog\cl.command.1.tlog
d:\learning record\学术报告\gh0st\mymaindll\antivirus\release\antivirus.tlog\cl.read.1.tlog
d:\learning record\学术报告\gh0st\mymaindll\antivirus\release\antivirus.tlog\cl.write.1.tlog
d:\learning record\学术报告\gh0st\mymaindll\antivirus\release\antivirus.tlog\link.command.1.tlog
d:\learning record\学术报告\gh0st\mymaindll\antivirus\release\antivirus.tlog\link.read.1.tlog
d:\learning record\学术报告\gh0st\mymaindll\antivirus\release\antivirus.tlog\link.write.1.tlog
